<?xml version="1.0" encoding="UTF-8"?>
<coverage generated="1747229740651" clover="3.2.0">
  <project timestamp="1747229740651" name="All files">
    <metrics statements="10" coveredstatements="0" conditionals="0" coveredconditionals="0" methods="3" coveredmethods="0" elements="13" coveredelements="0" complexity="0" loc="10" ncloc="10" packages="1" files="1" classes="1"/>
    <file name="app.e2e-spec.ts" path="/Volumes/Projects/RND/Pathmazing/api-gateway/test/app.e2e-spec.ts">
      <metrics statements="10" coveredstatements="0" conditionals="0" coveredconditionals="0" methods="3" coveredmethods="0"/>
      <line num="1" count="0" type="stmt"/>
      <line num="3" count="0" type="stmt"/>
      <line num="4" count="0" type="stmt"/>
      <line num="6" count="0" type="stmt"/>
      <line num="9" count="0" type="stmt"/>
      <line num="10" count="0" type="stmt"/>
      <line num="14" count="0" type="stmt"/>
      <line num="15" count="0" type="stmt"/>
      <line num="18" count="0" type="stmt"/>
      <line num="19" count="0" type="stmt"/>
    </file>
  </project>
</coverage>
